    Checking peak-mobile v0.1.0 (/Users/vegarberentsen/Documents/PeakOS/crates/modes/mobile)
    Checking peak-desktop v0.1.0 (/Users/vegarberentsen/Documents/PeakOS/crates/modes/desktop)
error: this function has too many arguments (10/7)
  --> crates/modes/mobile/src/view_mobile.rs:8:1
   |
 8 | / pub fn view<'a, Message: 'a + Clone>(
 9 | |     is_light: bool,
10 | |     _running_apps: &[AppId],
11 | |     current_app: Option<AppId>,
...  |
18 | |     _on_settings: impl Fn(peak_core::apps::settings::SettingsMessage) -> Message + 'a + Clone,
19 | | ) -> Element<'a, Message, iced::Theme, iced::Renderer> {
   | |______________________________________________________^
   |
   = help: for further information visit https://rust-lang.github.io/rust-clippy/master/index.html#too_many_arguments
   = note: `-D clippy::too-many-arguments` implied by `-D warnings`
   = help: to override `-D warnings` add `#[allow(clippy::too_many_arguments)]`

error: useless use of `vec!`
   --> crates/modes/mobile/src/view_mobile.rs:218:20
    |
218 |           let apps = vec![
    |  ____________________^
219 | |             AppId::Terminal,
220 | |             AppId::Browser,
221 | |             AppId::Library,
...   |
226 | |             AppId::Cortex,
227 | |         ];
    | |_________^
    |
    = help: for further information visit https://rust-lang.github.io/rust-clippy/master/index.html#useless_vec
    = note: `-D clippy::useless-vec` implied by `-D warnings`
    = help: to override `-D warnings` add `#[allow(clippy::useless_vec)]`
help: you can use an array directly
    |
218 ~         let apps = [AppId::Terminal,
219 +             AppId::Browser,
220 +             AppId::Library,
221 +             AppId::Settings,
222 +             AppId::FileManager,
223 +             AppId::Store,
224 +             AppId::Turntable,
225 ~             AppId::Cortex];
    |

error: could not compile `peak-mobile` (lib) due to 2 previous errors
warning: build failed, waiting for other jobs to finish...
