    Checking peak-desktop v0.1.0 (/Users/vegarberentsen/Documents/PeakOS/crates/modes/desktop)
error: unneeded `return` statement
    --> crates/modes/desktop/src/app/update.rs:1230:17
     |
1230 |                 return Task::batch(vec![task.map(Message::Omnibar), side_effect]);
     |                 ^^^^^^^^^^^^^^^^^^^^^^^^^^^^^^^^^^^^^^^^^^^^^^^^^^^^^^^^^^^^^^^^^
     |
     = help: for further information visit https://rust-lang.github.io/rust-clippy/master/index.html#needless_return
     = note: `-D clippy::needless-return` implied by `-D warnings`
     = help: to override `-D warnings` add `#[allow(clippy::needless_return)]`
help: remove `return`
     |
1230 -                 return Task::batch(vec![task.map(Message::Omnibar), side_effect]);
1230 +                 Task::batch(vec![task.map(Message::Omnibar), side_effect])
     |

error: casting to the same type is unnecessary (`f32` -> `f32`)
  --> crates/modes/desktop/src/app/update.rs:90:49
   |
90 | ...                   iced::Size::new(size.width as f32, size.height as f32);
   |                                       ^^^^^^^^^^^^^^^^^ help: try: `size.width`
   |
   = help: for further information visit https://rust-lang.github.io/rust-clippy/master/index.html#unnecessary_cast
   = note: `-D clippy::unnecessary-cast` implied by `-D warnings`
   = help: to override `-D warnings` add `#[allow(clippy::unnecessary_cast)]`

error: casting to the same type is unnecessary (`f32` -> `f32`)
  --> crates/modes/desktop/src/app/update.rs:90:68
   |
90 | ...                   iced::Size::new(size.width as f32, size.height as f32);
   |                                                          ^^^^^^^^^^^^^^^^^^ help: try: `size.height`
   |
   = help: for further information visit https://rust-lang.github.io/rust-clippy/master/index.html#unnecessary_cast

error: could not compile `peak-desktop` (bin "peak-desktop") due to 3 previous errors
